<?xml version="1.0" encoding="UTF-8"?>
<!-- Generated by org.testng.reporters.JUnitReportReporter -->
<testsuite skipped="0" hostname="MSI" name="com.revature.runner.TestRunner" tests="15" failures="0" timestamp="2022-08-14T21:40:05 EDT" time="45.110" errors="0">
  <testcase name="runScenario" time="2.034" classname="com.revature.runner.TestRunner"/>
  <system-out/>
  <testcase name="runScenario" time="2.026" classname="com.revature.runner.TestRunner"/>
  <system-out/>
  <testcase name="runScenario" time="3.470" classname="com.revature.runner.TestRunner"/>
  <system-out/>
  <testcase name="runScenario" time="3.227" classname="com.revature.runner.TestRunner"/>
  <system-out/>
  <testcase name="runScenario" time="4.538" classname="com.revature.runner.TestRunner"/>
  <system-out/>
  <testcase name="runScenario" time="2.966" classname="com.revature.runner.TestRunner"/>
  <system-out/>
  <testcase name="runScenario" time="2.752" classname="com.revature.runner.TestRunner"/>
  <system-out/>
  <testcase name="runScenario" time="6.323" classname="com.revature.runner.TestRunner"/>
  <system-out/>
  <testcase name="runScenario" time="2.059" classname="com.revature.runner.TestRunner"/>
  <system-out/>
  <testcase name="runScenario" time="2.045" classname="com.revature.runner.TestRunner"/>
  <system-out/>
  <testcase name="runScenario" time="2.688" classname="com.revature.runner.TestRunner"/>
  <system-out/>
  <testcase name="runScenario" time="2.631" classname="com.revature.runner.TestRunner"/>
  <system-out/>
  <testcase name="runScenario" time="2.616" classname="com.revature.runner.TestRunner"/>
  <system-out/>
  <testcase name="runScenario" time="2.872" classname="com.revature.runner.TestRunner"/>
  <system-out/>
  <testcase name="runScenario" time="2.863" classname="com.revature.runner.TestRunner"/>
  <system-out/>
</testsuite> <!-- com.revature.runner.TestRunner -->
