<?xml version="1.0" encoding="UTF-8"?>
<!-- Generated by org.testng.reporters.JUnitReportReporter -->
<testsuite skipped="0" hostname="MSI" name="com.revature.runner.TestRunner" tests="15" failures="0" timestamp="2022-08-21T21:15:52 EDT" time="38.712" errors="0">
  <testcase name="runScenario" time="3.101" classname="com.revature.runner.TestRunner"/>
  <system-out/>
  <testcase name="runScenario" time="1.934" classname="com.revature.runner.TestRunner"/>
  <system-out/>
  <testcase name="runScenario" time="2.066" classname="com.revature.runner.TestRunner"/>
  <system-out/>
  <testcase name="runScenario" time="2.010" classname="com.revature.runner.TestRunner"/>
  <system-out/>
  <testcase name="runScenario" time="5.016" classname="com.revature.runner.TestRunner"/>
  <system-out/>
  <testcase name="runScenario" time="1.944" classname="com.revature.runner.TestRunner"/>
  <system-out/>
  <testcase name="runScenario" time="5.852" classname="com.revature.runner.TestRunner"/>
  <system-out/>
  <testcase name="runScenario" time="2.041" classname="com.revature.runner.TestRunner"/>
  <system-out/>
  <testcase name="runScenario" time="2.049" classname="com.revature.runner.TestRunner"/>
  <system-out/>
  <testcase name="runScenario" time="2.079" classname="com.revature.runner.TestRunner"/>
  <system-out/>
  <testcase name="runScenario" time="2.035" classname="com.revature.runner.TestRunner"/>
  <system-out/>
  <testcase name="runScenario" time="2.562" classname="com.revature.runner.TestRunner"/>
  <system-out/>
  <testcase name="runScenario" time="2.032" classname="com.revature.runner.TestRunner"/>
  <system-out/>
  <testcase name="runScenario" time="1.959" classname="com.revature.runner.TestRunner"/>
  <system-out/>
  <testcase name="runScenario" time="2.032" classname="com.revature.runner.TestRunner"/>
  <system-out/>
</testsuite> <!-- com.revature.runner.TestRunner -->
